date: 2013-10-30 08:27:43.351
argv: node /usr/local/bin/hexo server --debug
os: Darwin 13.0.0 darwin x64
version:
  hexo: 2.3.0
  http_parser: 1.0
  node: 0.10.21
  v8: 3.14.5.9
  ares: 1.9.0-DEV
  uv: 0.10.18
  zlib: 1.2.3
  modules: 11
  openssl: 1.0.1e
---

[debug] 08:27:43.364 Configuration file load successfully
[debug] 08:27:43.376 Plugin loaded successfully: hexo-generator-feed
[debug] 08:27:43.379 Plugin loaded successfully: hexo-generator-sitemap
[debug] 08:27:43.444 Plugin loaded successfully: hexo-migrator-rss
[debug] 08:27:43.444 Version info checked successfully
[debug] 08:27:43.445 Loading the database...
[debug] 08:27:43.649 Theme layout loaded
[debug] 08:27:43.650 Start watching theme layout...
[debug] 08:27:43.653 Theme configuration loaded
[debug] 08:27:43.660 Theme i18n loaded
[debug] 08:27:43.666 Theme source loaded
[debug] 08:27:43.667 Start watching theme source...
[debug] 08:27:43.678 Processed: CNAME
[debug] 08:27:43.680 Processed: img/avatar.png
[debug] 08:27:43.768 Processed: index.md
[debug] 08:27:43.771 Processed: blog/index.md
[debug] 08:27:43.775 Processed: projects/index.md
[debug] 08:27:43.780 Processed: _posts/2012-02-03-hello-world.md
[debug] 08:27:43.785 Processed: _posts/hello-world.md
[debug] 08:27:43.788 Processed: _posts/2012/2012-02-03-hello-world.md
[debug] 08:27:43.793 Processed: _posts/2012/2012-02-06-i-hate-samsung-phones-and-android-phones-in.md
[debug] 08:27:43.797 Processed: _posts/2012/2012-02-08-how-to-tie-mens-scarves-fashionbeans-com.md
[debug] 08:27:43.804 Processed: _posts/2012/2012-02-09-linkedhashmap-java-7.md
[debug] 08:27:43.810 Processed: _posts/2012/2012-02-19-dont-fall-in-love-with-your-technology.md
[debug] 08:27:43.814 Processed: _posts/2013/10/29 - test-link.md
[debug] 08:27:44.168 Cache saved
[info] 08:27:44.175 Hexo is running at localhost:4000/. Press Ctrl+C to stop.
[debug] 08:28:06.607 Render blog: blog/index.html
[update] 08:44:46.916 Theme layout: blog
[debug] 08:45:41.160 Render archive: archives/
[error] 08:45:41.175 ReferenceError: /Users/ronald/workspace/ronaldsuwandi/themes/ronald/layout/archive.ejs:1
 >> 1| <%- partial('_partial/archive', {pagination: config.archive}) %>

/Users/ronald/workspace/ronaldsuwandi/themes/ronald/layout/_partial/archive.ejs:14
    12| <% if (pagination == 2){ %>
    13|   <% page.posts.each(function(item){ %>
 >> 14|     <%- partial('article', {item: item, index: true}) %>
    15|   <% }); %>
    16| 
    17|   <%- partial('pagination') %>

/Users/ronald/workspace/ronaldsuwandi/themes/ronald/layout/_partial/article.ejs:14
    12|       <% } %>
    13|     <% } else { %>
 >> 14|       <% if (list) { %>
    15|           <h1 class="l-article-header-title article-header-title"><a class="article-header-title-link" href="<%- config.root %><%- item.path %>"><%= item.title %></a></h1>
    16|       <% } else { %>
    17|           <h1 class="l-article-header-title article-header-title"><%= item.title %></h1>

list is not defined
ReferenceError: /Users/ronald/workspace/ronaldsuwandi/themes/ronald/layout/archive.ejs:1
 >> 1| <%- partial('_partial/archive', {pagination: config.archive}) %>

/Users/ronald/workspace/ronaldsuwandi/themes/ronald/layout/_partial/archive.ejs:14
    12| <% if (pagination == 2){ %>
    13|   <% page.posts.each(function(item){ %>
 >> 14|     <%- partial('article', {item: item, index: true}) %>
    15|   <% }); %>
    16| 
    17|   <%- partial('pagination') %>

/Users/ronald/workspace/ronaldsuwandi/themes/ronald/layout/_partial/article.ejs:14
    12|       <% } %>
    13|     <% } else { %>
 >> 14|       <% if (list) { %>
    15|           <h1 class="l-article-header-title article-header-title"><a class="article-header-title-link" href="<%- config.root %><%- item.path %>"><%= item.title %></a></h1>
    16|       <% } else { %>
    17|           <h1 class="l-article-header-title article-header-title"><%= item.title %></h1>

list is not defined
    at eval (eval at <anonymous> (/usr/local/lib/node_modules/hexo/node_modules/ejs/lib/ejs.js:236:14), <anonymous>:29:1184)
    at eval (eval at <anonymous> (/usr/local/lib/node_modules/hexo/node_modules/ejs/lib/ejs.js:236:14), <anonymous>:29:4394)
    at /usr/local/lib/node_modules/hexo/node_modules/ejs/lib/ejs.js:249:15
    at Object.exports.render (/usr/local/lib/node_modules/hexo/node_modules/ejs/lib/ejs.js:287:13)
    at Object.module.exports [as ejs] (/usr/local/lib/node_modules/hexo/lib/plugins/renderer/ejs.js:5:14)
    at Object.exports.renderSync (/usr/local/lib/node_modules/hexo/lib/render.js:143:29)
    at render (/usr/local/lib/node_modules/hexo/lib/plugins/helper/partial.js:28:22)
    at Object.module.exports [as partial] (/usr/local/lib/node_modules/hexo/lib/plugins/helper/partial.js:41:12)
    at buf.push.__stack.lineno (eval at <anonymous> (/usr/local/lib/node_modules/hexo/node_modules/ejs/lib/ejs.js:236:14), <anonymous>:37:423)
    at Query.forEach.Query.each (/usr/local/lib/node_modules/hexo/node_modules/warehouse/lib/query.js:71:5)

[debug] 08:45:44.556 Render blog: blog/index.html
[debug] 08:45:54.987 Render index: index.html
[debug] 08:45:55.472 Render index: index.html
[debug] 08:46:53.152 Render index: index.html
[debug] 08:47:11.289 Render blog: blog/index.html
[update] 08:49:33.274 Theme layout: blog
